d:\gpstudy\directx3d\directx3d\client\include\debug\vc140.pdb
d:\gpstudy\directx3d\directx3d\client\include\debug\vc140.idb
d:\gpstudy\directx3d\directx3d\client\include\debug\main.obj
d:\gpstudy\directx3d\directx3d\client\include\debug\client.res
d:\gpstudy\directx3d\directx3d\client\include\debug\client.tlog\cl.command.1.tlog
d:\gpstudy\directx3d\directx3d\client\include\debug\client.tlog\cl.read.1.tlog
d:\gpstudy\directx3d\directx3d\client\include\debug\client.tlog\cl.write.1.tlog
d:\gpstudy\directx3d\directx3d\client\include\debug\client.tlog\link-cvtres.read.1.tlog
d:\gpstudy\directx3d\directx3d\client\include\debug\client.tlog\link-cvtres.write.1.tlog
d:\gpstudy\directx3d\directx3d\client\include\debug\client.tlog\link-rc.read.1.tlog
d:\gpstudy\directx3d\directx3d\client\include\debug\client.tlog\link-rc.write.1.tlog
d:\gpstudy\directx3d\directx3d\client\include\debug\client.tlog\link.9296-cvtres.read.1.tlog
d:\gpstudy\directx3d\directx3d\client\include\debug\client.tlog\link.9296-cvtres.write.1.tlog
d:\gpstudy\directx3d\directx3d\client\include\debug\client.tlog\link.9296-rc.read.1.tlog
d:\gpstudy\directx3d\directx3d\client\include\debug\client.tlog\link.9296-rc.write.1.tlog
d:\gpstudy\directx3d\directx3d\client\include\debug\client.tlog\link.9296.read.1.tlog
d:\gpstudy\directx3d\directx3d\client\include\debug\client.tlog\link.9296.write.1.tlog
d:\gpstudy\directx3d\directx3d\client\include\debug\client.tlog\link.command.1.tlog
d:\gpstudy\directx3d\directx3d\client\include\debug\client.tlog\link.read.1.tlog
d:\gpstudy\directx3d\directx3d\client\include\debug\client.tlog\link.write.1.tlog
d:\gpstudy\directx3d\directx3d\client\include\debug\client.tlog\rc.command.1.tlog
d:\gpstudy\directx3d\directx3d\client\include\debug\client.tlog\rc.read.1.tlog
d:\gpstudy\directx3d\directx3d\client\include\debug\client.tlog\rc.write.1.tlog
