d:\gpstudy\directx3d\directx3d\gpengine\include\debug\vc140.pdb
d:\gpstudy\directx3d\directx3d\gpengine\include\debug\vc140.idb
d:\gpstudy\directx3d\directx3d\gpengine\include\debug\core.obj
d:\gpstudy\directx3d\directx3d\gpengine\include\debug\matrix.obj
d:\gpstudy\directx3d\directx3d\gpengine\include\debug\vector2.obj
d:\gpstudy\directx3d\directx3d\gpengine\include\debug\vector3.obj
d:\gpstudy\directx3d\directx3d\gpengine\include\debug\vector4.obj
d:\gpstudy\directx3d\directx3d\gpengine\include\debug\device.obj
d:\gpstudy\directx3d\directx3d\gpengine\include\debug\pathmanager.obj
d:\gpstudy\directx3d\directx3d\gpengine\include\debug\obj.obj
d:\gpstudy\directx3d\directx3d\gpengine\include\debug\timer.obj
d:\gpstudy\directx3d\directx3d\gpengine\include\debug\timermanager.obj
d:\gpstudy\directx3d\directx3d\gpengine\bin_debug\gpengine_debug.lib
d:\gpstudy\directx3d\directx3d\gpengine\bin_debug\gpengine_debug.exp
d:\gpstudy\directx3d\directx3d\gpengine\bin_debug\gpengine_debug.ilk
d:\gpstudy\directx3d\directx3d\gpengine\bin_debug\gpengine_debug.dll
d:\gpstudy\directx3d\directx3d\gpengine\bin_debug\gpengine_debug.pdb
d:\gpstudy\directx3d\directx3d\gpengine\include\../bin_debug\gpengine_debug.dll
d:\gpstudy\directx3d\directx3d\gpengine\include\debug\gpengine.tlog\cl.command.1.tlog
d:\gpstudy\directx3d\directx3d\gpengine\include\debug\gpengine.tlog\cl.read.1.tlog
d:\gpstudy\directx3d\directx3d\gpengine\include\debug\gpengine.tlog\cl.write.1.tlog
d:\gpstudy\directx3d\directx3d\gpengine\include\debug\gpengine.tlog\gpengine.write.1u.tlog
d:\gpstudy\directx3d\directx3d\gpengine\include\debug\gpengine.tlog\link.command.1.tlog
d:\gpstudy\directx3d\directx3d\gpengine\include\debug\gpengine.tlog\link.read.1.tlog
d:\gpstudy\directx3d\directx3d\gpengine\include\debug\gpengine.tlog\link.write.1.tlog
